  Building Custom Rule C:/Users/mctai/Documents/VST3 Projects/iR_Delay/CMakeLists.txt
  iR_Filters.cpp
  iR_Delay_processor.cpp
  iR_Delay_controller.cpp
  iR_Delay_entry.cpp
  dllmain.cpp
  iR_GUIBase.cpp
  iR_Delay_guieditor.cpp
C:\Users\mctai\Documents\VST3 Projects\iR_Delay\source\iR_Filters.cpp(193,17): warning C4244: '初期化中': 'double' から 'float' への変換です。データが失われる可能性があります。
C:\Users\mctai\Documents\VST3 Projects\iR_Delay\source\iR_Filters.cpp(273,13): warning C4244: '初期化中': 'double' から 'float' への変換です。データが失われる可能性があります。
C:\Users\mctai\Documents\VST3 Projects\iR_Delay\source\iR_Filters.cpp(299,13): warning C4244: '初期化中': 'double' から 'float' への変換です。データが失われる可能性があります。
C:\Users\mctai\Documents\VST3 Projects\iR_Delay\source\iR_Filters.cpp(325,13): warning C4244: '初期化中': 'double' から 'float' への変換です。データが失われる可能性があります。
C:\Users\mctai\Documents\VST3 Projects\iR_Delay\source\iR_RMSDetector.h(59,37): warning C4244: '=': 'double' から 'int' への変換です。データが失われる可能性があります。 (ソース ファイルをコンパイルしています C:\Users\mctai\Documents\VST3 Projects\iR_Delay\source\iR_Delay_entry.cpp)
C:\Users\mctai\Documents\VST3 Projects\iR_Delay\source\iR_RMSDetector.h(59,37): warning C4244: '=': 'double' から 'int' への変換です。データが失われる可能性があります。 (ソース ファイルをコンパイルしています C:\Users\mctai\Documents\VST3 Projects\iR_Delay\source\iR_Delay_processor.cpp)
C:\Users\mctai\Documents\VST3 Projects\iR_Delay\source\iR_RMSDetector.h(75,16): warning C4244: '引数': 'int' から 'float' への変換です。データが失われる可能性があります。 (ソース ファイルをコンパイルしています C:\Users\mctai\Documents\VST3 Projects\iR_Delay\source\iR_Delay_entry.cpp)
C:\Users\mctai\Documents\VST3 Projects\iR_Delay\source\iR_RMSDetector.h(75,16): warning C4244: '引数': 'int' から 'float' への変換です。データが失われる可能性があります。 (ソース ファイルをコンパイルしています C:\Users\mctai\Documents\VST3 Projects\iR_Delay\source\iR_Delay_processor.cpp)
C:\Users\mctai\Documents\VST3 Projects\iR_Delay\source\iR_RMSDetector.h(103,16): warning C4244: '=': 'float' から 'int' への変換です。データが失われる可能性があります。 (ソース ファイルをコンパイルしています C:\Users\mctai\Documents\VST3 Projects\iR_Delay\source\iR_Delay_entry.cpp)
C:\Users\mctai\Documents\VST3 Projects\iR_Delay\source\iR_RMSDetector.h(104,41): warning C4244: '=': 'float' から 'int' への変換です。データが失われる可能性があります。 (ソース ファイルをコンパイルしています C:\Users\mctai\Documents\VST3 Projects\iR_Delay\source\iR_Delay_entry.cpp)
C:\Users\mctai\Documents\VST3 Projects\iR_Delay\source\iR_RMSDetector.h(103,16): warning C4244: '=': 'float' から 'int' への変換です。データが失われる可能性があります。 (ソース ファイルをコンパイルしています C:\Users\mctai\Documents\VST3 Projects\iR_Delay\source\iR_Delay_processor.cpp)
C:\Users\mctai\Documents\VST3 Projects\iR_Delay\source\iR_RMSDetector.h(104,41): warning C4244: '=': 'float' から 'int' への変換です。データが失われる可能性があります。 (ソース ファイルをコンパイルしています C:\Users\mctai\Documents\VST3 Projects\iR_Delay\source\iR_Delay_processor.cpp)
C:\Users\mctai\Documents\VST3 Projects\iR_Delay\source\iR_Delay.h(232,57): warning C4244: '引数': 'float' から 'int' への変換です。データが失われる可能性があります。 (ソース ファイルをコンパイルしています C:\Users\mctai\Documents\VST3 Projects\iR_Delay\source\iR_Delay_entry.cpp)
C:\Users\mctai\Documents\VST3 Projects\iR_Delay\source\iR_Delay.h(233,57): warning C4244: '引数': 'float' から 'int' への変換です。データが失われる可能性があります。 (ソース ファイルをコンパイルしています C:\Users\mctai\Documents\VST3 Projects\iR_Delay\source\iR_Delay_entry.cpp)
C:\Users\mctai\Documents\VST3 Projects\iR_Delay\source\iR_Delay.h(232,57): warning C4244: '引数': 'float' から 'int' への変換です。データが失われる可能性があります。 (ソース ファイルをコンパイルしています C:\Users\mctai\Documents\VST3 Projects\iR_Delay\source\iR_Delay_processor.cpp)
C:\Users\mctai\Documents\VST3 Projects\iR_Delay\source\iR_Delay.h(252,55): warning C4244: '引数': 'float' から 'int' への変換です。データが失われる可能性があります。 (ソース ファイルをコンパイルしています C:\Users\mctai\Documents\VST3 Projects\iR_Delay\source\iR_Delay_entry.cpp)
C:\Users\mctai\Documents\VST3 Projects\iR_Delay\source\iR_Delay.h(233,57): warning C4244: '引数': 'float' から 'int' への変換です。データが失われる可能性があります。 (ソース ファイルをコンパイルしています C:\Users\mctai\Documents\VST3 Projects\iR_Delay\source\iR_Delay_processor.cpp)
C:\Users\mctai\Documents\VST3 Projects\iR_Delay\source\iR_Delay.h(266,52): warning C4244: '引数': 'float' から 'int' への変換です。データが失われる可能性があります。 (ソース ファイルをコンパイルしています C:\Users\mctai\Documents\VST3 Projects\iR_Delay\source\iR_Delay_entry.cpp)
C:\Users\mctai\Documents\VST3 Projects\iR_Delay\source\iR_Delay.h(252,55): warning C4244: '引数': 'float' から 'int' への変換です。データが失われる可能性があります。 (ソース ファイルをコンパイルしています C:\Users\mctai\Documents\VST3 Projects\iR_Delay\source\iR_Delay_processor.cpp)
C:\Users\mctai\Documents\VST3 Projects\iR_Delay\source\iR_Delay.h(268,52): warning C4244: '引数': 'float' から 'int' への変換です。データが失われる可能性があります。 (ソース ファイルをコンパイルしています C:\Users\mctai\Documents\VST3 Projects\iR_Delay\source\iR_Delay_entry.cpp)
C:\Users\mctai\Documents\VST3 Projects\iR_Delay\source\iR_Delay.h(266,52): warning C4244: '引数': 'float' から 'int' への変換です。データが失われる可能性があります。 (ソース ファイルをコンパイルしています C:\Users\mctai\Documents\VST3 Projects\iR_Delay\source\iR_Delay_processor.cpp)
C:\Users\mctai\Documents\VST3 Projects\iR_Delay\source\iR_Delay.h(268,52): warning C4244: '引数': 'float' から 'int' への変換です。データが失われる可能性があります。 (ソース ファイルをコンパイルしています C:\Users\mctai\Documents\VST3 Projects\iR_Delay\source\iR_Delay_processor.cpp)
C:\Users\mctai\Documents\VST3 Projects\iR_Delay\source\iR_Delay_guieditor.cpp(65,3): warning C4060: switch ステートメントに 'case' または 'default' ラベルがありません。
     ライブラリ C:/Users/mctai/Documents/VST3 Projects/iR_Delay/build/lib/Debug/iR_Delay.lib とオブジェクト C:/Users/mctai/Documents/VST3 Projects/iR_Delay/build/lib/Debug/iR_Delay.exp を作成中
  iR_Delay.vcxproj -> C:\Users\mctai\Documents\VST3 Projects\iR_Delay\build\VST3\Debug\iR_Delay.vst3\Contents\x86_64-win\iR_Delay.vst3
  * Loading module...
  
  	C:/Users/mctai/Documents/VST3 Projects/iR_Delay/build/VST3/Debug/iR_Delay.vst3/Contents/x86_64-win/iR_Delay.vst3
  
  * Scanning classes...
  
    Factory Info:
  	vendor = iNVOX Records
  	url = www.invoxrecords.com
  	email = mailto:invoxrecords@gmail.com
  
    Class Info 0:
  	name = iR_Delay
  	category = Audio Module Class
  	subCategories = Fx
  	version = 1.0.0.1
  	sdkVersion = VST 3.7.1
  	cid = 009DBEBAC491579D8AF6D926BA59671E
  
    Class Info 1:
  	name = iR_DelayController
  	category = Component Controller Class
  	subCategories = 
  	version = 1.0.0.1
  	sdkVersion = VST 3.7.1
  	cid = 20DB41E9AA5C5F9F9CBA8A8FF7D41222
  
  * Checking snapshots...
  
EXEC : warning : No snapshots in Bundle.
  
  * Creating tests...
  
  * Running tests...
  
  -------------------------------------------------------------
  TestSuite : iR_Delay
  -------------------------------------------------------------
  
  -------------------------------------------------------------
  TestSuite : General Tests
  -------------------------------------------------------------
  
  [Scan Editor Classes]
  Info:  ===Scan Editor Classes ====================================
  Info:  This component has an edit controller class
  Info:     Controller CID: {20DB41E9-AA5C-5F9F-9CBA-8A8FF7D41222}
  [Succeeded]
  
  [Scan Buses]
  Info:  ===Scan Buses ====================================
  Info:  => Audio Buses: [1 In(s) => 1 Out(s)]
  Info:       In [0]: "Stereo In" (Main-Default Active) 
  Info:       Out[0]: "Stereo Out" (Main-Default Active) 
  Info:  => Event Buses: [0 In(s) => 0 Out(s)]
  [Succeeded]
  
  [Scan Parameters]
  Info:  ===Scan Parameters ====================================
  Info:  This component exports 18 parameter(s)
  Info:     Parameter 000 (id=0): [title="Bypass"] [unit=""] [type = T, default = 0.000000, unit = 0]
  Info:     Parameter 001 (id=1): [title="Delay Time L"] [unit="s"] [type = F, default = 0.250000, unit = 0]
  Info:     Parameter 002 (id=2): [title="Delay Time R"] [unit="s"] [type = F, default = 0.250000, unit = 0]
  Info:     Parameter 003 (id=12): [title="BPM Sync"] [unit=""] [type = T, default = 1.000000, unit = 0]
  Info:     Parameter 004 (id=3): [title="Feedback L"] [unit=""] [type = F, default = 0.505051, unit = 0]
  Info:     Parameter 005 (id=4): [title="Feedback R"] [unit=""] [type = F, default = 0.505051, unit = 0]
  Info:     Parameter 006 (id=5): [title="Feedback Link"] [unit=""] [type = T, default = 1.000000, unit = 0]
  Info:     Parameter 007 (id=8): [title="Stereo Width"] [unit=""] [type = F, default = 0.500000, unit = 0]
  Info:     Parameter 008 (id=7): [title="Dumping"] [unit=""] [type = F, default = 0.500000, unit = 0]
  Info:     Parameter 009 (id=6): [title="Mix"] [unit=""] [type = F, default = 0.500000, unit = 0]
  Info:     Parameter 010 (id=9): [title="Mode"] [unit=""] [type = T, default = 0.000000, unit = 0]
  Info:     Parameter 011 (id=10): [title="Beat Select L"] [unit=""] [type = D, default = 0.000000, unit = 0]
  Info:     Parameter 012 (id=11): [title="Beat Select R"] [unit=""] [type = D, default = 0.000000, unit = 0]
  Info:     Parameter 013 (id=13): [title="Time Link"] [unit=""] [type = T, default = 1.000000, unit = 0]
  Info:     Parameter 014 (id=16): [title="Swap Channel"] [unit=""] [type = T, default = 0.000000, unit = 0]
  Info:     Parameter 015 (id=14): [title="LPF Freq"] [unit=""] [type = F, default = 0.005263, unit = 0]
  Info:     Parameter 016 (id=15): [title="HPF Freq"] [unit=""] [type = F, default = 0.693878, unit = 0]
  Info:     Parameter 017 (id=17): [title="RMS Gain"] [unit=""] [type = T, default = 0.000000, unit = 0]
Info : warning : No bypass parameter found. Is this intended ?
  [Succeeded]
  
  [MIDI Mapping]
  Info:  ===MIDI Mapping ====================================
  Info:  No MIDI Mapping interface supplied!
  [Succeeded]
  
  [MIDI Learn]
  Info:  ===MIDI Learn ====================================
  Info:  No MIDI Learn interface supplied!
  [Succeeded]
  
  [Scan Units]
  Info:  ===Scan Units ====================================
  Info:  This component has no units.
  [Succeeded]
  
  [Scan Programs]
  Info:  ===Scan Programs ====================================
  Info:  This component does not export any programs.
  [Succeeded]
  
  [Terminate/Initialize]
  Info:  ===Terminate/Initialize ====================================
  [Succeeded]
  
  [Check Unit Structure]
  Info:  ===Check Unit Structure ====================================
  Info:  This component does not support IUnitInfo!
  [Succeeded]
  
  [Valid State Transition 32bits]
  Info:  ===Valid State Transition 32bits ====================================
  [Succeeded]
  
  [Valid State Transition 64bits]
  Info:  ===Valid State Transition 64bits ====================================
  Info:  64bit Audio Processing not supported.
  [Succeeded]
  
  [Bus Consistency]
  Info:  ===Bus Consistency ====================================
  [Succeeded]
  
  [Bus Activation]
  Info:  ===Bus Activation ====================================
  Info:     Bus Activation: Input Audio Bus (0) (kMain)
  Info:     Bus Activation: Output Audio Bus (0) (kMain)
  [Succeeded]
  
  [Check Audio Bus Arrangement]
  Info:  ===Check Audio Bus Arrangement ====================================
  Info:     Check Input Audio Bus Arrangement (0)
  Info:     Check Output Audio Bus Arrangement (0)
  [Succeeded]
  
  [SideChain Arrangement]
  Info:  ===SideChain Arrangement ====================================
  [Succeeded]
  
  [Suspend/Resume]
  Info:  ===Suspend/Resume ====================================
  [Succeeded]
  
  [Note Expression]
  Info:  ===Note Expression ====================================
  Info:  No Note Expression interface supplied!
  [Succeeded]
  
  [Keyswitch]
  Info:  ===Keyswitch ====================================
  Info:  No Keyswitch interface supplied!
  [Succeeded]
  
  [ProcessContext Requirements]
  Info:  ===ProcessContext Requirements ====================================
  Info:  ProcessContextRequirements:
  Info:   - None
  [Succeeded]
  
  -------------------------------------------------------------
  TestSuite : Single Precision (32 bit) Tests
  -------------------------------------------------------------
  
  [Process Test]
  [Succeeded]
  
  [Process function running in another thread]
  Info:  ===Process function running in another thread ====================================
  [Succeeded]
  
  [Silence Flags]
  Info:  ===Silence Flags ====================================
  [Succeeded]
  
  [Silence Processing]
  Info:  ===Silence Processing ====================================
  [Succeeded]
  
  [Parameters Flush (no Buffer)]
  Info:  ===Parameters Flush (no Buffer) ====================================
  [Succeeded]
  
  [Parameters Flush 2 (only numChannel==0)]
  Info:  ===Parameters Flush 2 (only numChannel==0) ====================================
  [Succeeded]
  
  [Parameters Flush 2 (no Buffer, no parameter change)]
  Info:  ===Parameters Flush 2 (no Buffer, no parameter change) ====================================
  [Succeeded]
  
  [Variable Block Size]
  Info:  ===Variable Block Size ====================================
  [Succeeded]
  
  [Process Format]
  Info:  ===Process Format ====================================
  Info:  ***Tested Sample Rates***
  Info:        22050 Hz - processed successfully!
  Info:        32000 Hz - processed successfully!
  Info:        44100 Hz - processed successfully!
  Info:        48000 Hz - processed successfully!
  Info:        88200 Hz - processed successfully!
  Info:        96000 Hz - processed successfully!
  Info:       192000 Hz - processed successfully!
  Info:       384000 Hz - processed successfully!
  Info:    1234.5678 Hz - processed successfully!
  Info:    12345.678 Hz - processed successfully!
  Info:    123456.78 Hz - processed successfully!
  Info:    1234567.8 Hz - processed successfully!
  [Succeeded]
  
  [Parameter Bypass persistence]
  Info:  ===Parameter Bypass persistence ====================================
  Info:  This plugin does not have a bypass parameter!!!
  [Succeeded]
  
  [In: Stereo: 2 Channels, Out: Stereo: 2 Channels]
  Info:  ===In: Stereo: 2 Channels, Out: Stereo: 2 Channels ====================================
  [Succeeded]
  
  [In: Mono: 1 Channels, Out: Mono: 1 Channels]
  Info:  ===In: Mono: 1 Channels, Out: Mono: 1 Channels ====================================
  [Succeeded]
  
  [Accuracy: Block, 1 Parameters, Change every100 Samples]
  Info:  ===Accuracy: Block, 1 Parameters, Change every100 Samples ====================================
  [Succeeded]
  
  [Accuracy: Sample, 1 Parameters, Change every100 Samples]
  Info:  ===Accuracy: Sample, 1 Parameters, Change every100 Samples ====================================
  Info:     Not all points have been read via IParameterChanges
  [Succeeded]
  
  -------------------------------------------------------------
  TestSuite : Double Precision (64 bit) Tests
  -------------------------------------------------------------
  
  [Process Test]
  Info:  64bit Audio Processing not supported.
  [Succeeded]
  
  [Process function running in another thread]
  Info:  64bit Audio Processing not supported.
  [Succeeded]
  
  [Silence Flags]
  Info:  64bit Audio Processing not supported.
  [Succeeded]
  
  [Silence Processing]
  Info:  64bit Audio Processing not supported.
  [Succeeded]
  
  [Parameters Flush (no Buffer)]
  Info:  64bit Audio Processing not supported.
  [Succeeded]
  
  [Parameters Flush 2 (only numChannel==0)]
  Info:  64bit Audio Processing not supported.
  [Succeeded]
  
  [Parameters Flush 2 (no Buffer, no parameter change)]
  Info:  64bit Audio Processing not supported.
  [Succeeded]
  
  [Variable Block Size]
  Info:  64bit Audio Processing not supported.
  [Succeeded]
  
  [Process Format]
  Info:  64bit Audio Processing not supported.
  [Succeeded]
  
  [Parameter Bypass persistence]
  Info:  64bit Audio Processing not supported.
  [Succeeded]
  
  [In: Stereo: 2 Channels, Out: Stereo: 2 Channels]
  Info:  ===In: Stereo: 2 Channels, Out: Stereo: 2 Channels ====================================
  Info:  64bit Audio Processing not supported.
  [Succeeded]
  
  [In: Mono: 1 Channels, Out: Mono: 1 Channels]
  Info:  ===In: Mono: 1 Channels, Out: Mono: 1 Channels ====================================
  Info:  64bit Audio Processing not supported.
  [Succeeded]
  
  [Accuracy: Block, 1 Parameters, Change every100 Samples]
  Info:  ===Accuracy: Block, 1 Parameters, Change every100 Samples ====================================
  Info:  64bit Audio Processing not supported.
  [Succeeded]
  
  [Accuracy: Sample, 1 Parameters, Change every100 Samples]
  Info:  ===Accuracy: Sample, 1 Parameters, Change every100 Samples ====================================
  Info:  64bit Audio Processing not supported.
  [Succeeded]
  
  -------------------------------------------------------------
  Result: 47 tests passed, 0 tests failed
  -------------------------------------------------------------
  C:\Program Files\Common Files\VST3\iR_Delay.vst3 <<===>> C:\Users\mctai\Documents\VST3 Projects\iR_Delay\build\VST3\Debug\iR_Delay.vst3 のシンボリック リンクが作成されました
